00:00:00.005812 main     VirtualBox COM Server 7.0.20 r163906 win.amd64 (Jul 10 2024 14:54:08) release log
00:00:00.005814 main     Log opened 2024-08-01T10:27:23.707221700Z
00:00:00.005815 main     Build Type: release
00:00:00.005825 main     OS Product: Windows 11
00:00:00.005826 main     OS Release: 10.0.22631
00:00:00.005827 main     OS Service Pack: 
00:00:00.036878 main     DMI Product Name: HP Laptop 15s-eq2xxx
00:00:00.049182 main     DMI Product Version:  
00:00:00.049215 main     Firmware type: UEFI
00:00:00.049933 main     Secure Boot: Enabled
00:00:00.049964 main     Host RAM: 7502MB (7.3GB) total, 1199MB available
00:00:00.049972 main     Executable: C:\Program Files\Oracle\VirtualBox\VBoxSVC.exe
00:00:00.049972 main     Process ID: 19568
00:00:00.049973 main     Package type: WINDOWS_64BITS_GENERIC
00:00:00.225274          VirtualBox: object creation starts
00:00:00.225639          Home directory: 'C:\Users\prajs\.VirtualBox'
00:00:00.225756          Installed Drivers:
00:00:00.335375            C:\windows\system32\DRIVERS\VBoxSup.sys (Version: 7.0.20.13906)
00:00:00.369976            C:\windows\system32\DRIVERS\VBoxUSBMon.sys (Version: 7.0.20.13906)
00:00:00.370849            C:\windows\system32\DRIVERS\VBoxNetAdp6.sys (Version: 7.0.20.13906)
00:00:00.371595            C:\windows\system32\DRIVERS\VBoxNetLwf.sys (Version: 7.0.20.13906)
00:00:00.374847          usbLibGetDevices: Starting USB device enumeration
00:00:00.375097          Getting USB descriptor (id 0) failed (dwErr=31) on hub USB#ROOT_HUB30#5&1d27a0b6&0&0#{f18a0e88-c30c-11d0-8815-00a0c906bed8} port 3
00:00:00.375204          Getting USB descriptor (id 0) failed (dwErr=31) on hub USB#ROOT_HUB30#5&1d27a0b6&0&0#{f18a0e88-c30c-11d0-8815-00a0c906bed8} port 4
00:00:00.377965          usbLibGetDevices: Found 2 USB devices, 0 captured
00:00:00.378073          USB: Unknown USB device detected (idVendor: 0x04f2, idProduct: 0xb6f1)
00:00:00.378151          USB: Unknown USB device detected (idVendor: 0x0bda, idProduct: 0xb00c)
00:00:00.501743          HostDnsMonitor: initializing
00:00:00.513811          HostDnsMonitor: updating information
00:00:00.513854          HostDnsMonitor: old information
00:00:00.513854            no server entries
00:00:00.513855            no domain set
00:00:00.513855            no search string entries
00:00:00.513856          HostDnsMonitor: new information
00:00:00.513856            server 1: 192.168.1.1
00:00:00.513857            no domain set
00:00:00.513857            no search string entries
00:00:00.630048          VD: VDInit finished with VINF_SUCCESS
00:00:00.631955          VirtualBox: object created
00:00:00.705634          Saving settings file "C:\Users\prajs\.VirtualBox\VirtualBox.xml" with version "1.12-windows"
00:00:00.709490          Finished saving settings file "C:\Users\prajs\.VirtualBox\VirtualBox.xml"
00:00:00.709868          Saving settings file "C:\Users\prajs\.VirtualBox\VirtualBox.xml" with version "1.12-windows"
00:00:00.712650          Finished saving settings file "C:\Users\prajs\.VirtualBox\VirtualBox.xml"
00:00:00.713070          Saving settings file "C:\Users\prajs\.VirtualBox\VirtualBox.xml" with version "1.12-windows"
00:00:00.716529          Finished saving settings file "C:\Users\prajs\.VirtualBox\VirtualBox.xml"
00:00:01.251767          Saving settings file "C:\Users\prajs\.VirtualBox\VirtualBox.xml" with version "1.12-windows"
00:00:01.256173          Finished saving settings file "C:\Users\prajs\.VirtualBox\VirtualBox.xml"
00:00:02.068761          Saving settings file "C:\Users\prajs\.VirtualBox\VirtualBox.xml" with version "1.12-windows"
00:00:02.071808          Finished saving settings file "C:\Users\prajs\.VirtualBox\VirtualBox.xml"
00:00:02.466687          Saving settings file "C:\Users\prajs\.VirtualBox\VirtualBox.xml" with version "1.12-windows"
00:00:02.470779          Finished saving settings file "C:\Users\prajs\.VirtualBox\VirtualBox.xml"
00:01:23.345703 USBPROXY usbLibGetDevices: Starting USB device enumeration
00:01:23.346189 USBPROXY Getting USB descriptor (id 0) failed (dwErr=31) on hub USB#ROOT_HUB30#5&1d27a0b6&0&0#{f18a0e88-c30c-11d0-8815-00a0c906bed8} port 3
00:01:23.346464 USBPROXY Getting USB descriptor (id 0) failed (dwErr=31) on hub USB#ROOT_HUB30#5&1d27a0b6&0&0#{f18a0e88-c30c-11d0-8815-00a0c906bed8} port 4
00:01:23.346772 USBPROXY usbLibGetDevices: Found 2 USB devices, 0 captured
00:03:46.339180          Import settings with version "1.12-linux"
00:03:46.341768          ERROR [COM]: aRC=VBOX_E_OBJECT_NOT_FOUND (0x80bb0001) aIID={7682d5eb-f00e-44f1-8ca2-99d08b1cd607} aComponent={VirtualBoxWrap} aText={Could not find a registered machine named 'cloudera-quickstart-vm-5.4.2-0-virtualbox'}, preserve=false aResultDetail=0
00:03:46.345801          ERROR [COM]: aRC=VBOX_E_FILE_ERROR (0x80bb0004) aIID={ad47ad09-787b-44ab-b343-a082a3f2dfb1} aComponent={MediumWrap} aText={Could not find file for the medium 'C:\Users\prajs\VirtualBox VMs\cloudera-quickstart-vm-5.4.2-0-virtualbox\cloudera-quickstart-vm-5.4.2-0-virtualbox-disk1.vmdk' (VERR_PATH_NOT_FOUND)}, preserve=false aResultDetail=-103
00:03:52.240119          Saving settings file "C:\Users\prajs\.VirtualBox\VirtualBox.xml" with version "1.12-windows"
00:03:52.246131          Finished saving settings file "C:\Users\prajs\.VirtualBox\VirtualBox.xml"
00:04:32.387045 createImport Saving settings file "C:\Users\prajs\.VirtualBox\VirtualBox.xml" with version "1.12-windows"
00:04:32.391155 createImport Finished saving settings file "C:\Users\prajs\.VirtualBox\VirtualBox.xml"
00:04:32.400251 ApplImp  Saving settings file "C:\Users\prajs\VirtualBox VMs\cloudera-quickstart-vm-5.4.2-0-virtualbox\cloudera-quickstart-vm-5.4.2-0-virtualbox.vbox" with version "1.19-windows"
00:04:32.404088 ApplImp  Finished saving settings file "C:\Users\prajs\VirtualBox VMs\cloudera-quickstart-vm-5.4.2-0-virtualbox\cloudera-quickstart-vm-5.4.2-0-virtualbox.vbox"
00:04:32.404249 ApplImp  Saving settings file "C:\Users\prajs\.VirtualBox\VirtualBox.xml" with version "1.12-windows"
00:04:32.408941 ApplImp  Finished saving settings file "C:\Users\prajs\.VirtualBox\VirtualBox.xml"
00:04:32.429767          Saving settings file "C:\Users\prajs\.VirtualBox\VirtualBox.xml" with version "1.12-windows"
00:04:32.434823          Finished saving settings file "C:\Users\prajs\.VirtualBox\VirtualBox.xml"
00:04:32.810865          ERROR [COM]: aRC=VBOX_E_INVALID_VM_STATE (0x80bb0002) aIID={300763af-5d6b-46e6-aa96-273eac15538a} aComponent={MachineWrap} aText={The machine is not mutable (state is PoweredOff)}, preserve=false aResultDetail=0
00:04:33.031952          ERROR [COM]: aRC=VBOX_E_INVALID_VM_STATE (0x80bb0002) aIID={300763af-5d6b-46e6-aa96-273eac15538a} aComponent={MachineWrap} aText={The machine is not mutable (state is PoweredOff)}, preserve=false aResultDetail=0
00:05:07.470723          Saving settings file "C:\Users\prajs\.VirtualBox\VirtualBox.xml" with version "1.12-windows"
00:05:07.486737          Finished saving settings file "C:\Users\prajs\.VirtualBox\VirtualBox.xml"
00:05:07.503946          ERROR [COM]: aRC=VBOX_E_INVALID_VM_STATE (0x80bb0002) aIID={300763af-5d6b-46e6-aa96-273eac15538a} aComponent={MachineWrap} aText={The machine is not mutable (state is PoweredOff)}, preserve=false aResultDetail=0
00:05:11.941108          ERROR [COM]: aRC=VBOX_E_OBJECT_NOT_FOUND (0x80bb0001) aIID={5bfd8965-b81b-469f-8649-f717ce97a5d5} aComponent={NvramStoreWrap} aText={The UEFI NVRAM file is not existing for this machine.}, preserve=false aResultDetail=0
00:05:12.129733          Saving settings file "C:\Users\prajs\.VirtualBox\VirtualBox.xml" with version "1.12-windows"
00:05:12.134701          Finished saving settings file "C:\Users\prajs\.VirtualBox\VirtualBox.xml"
00:05:12.136888          Saving settings file "C:\Users\prajs\.VirtualBox\VirtualBox.xml" with version "1.12-windows"
00:05:12.141945          Finished saving settings file "C:\Users\prajs\.VirtualBox\VirtualBox.xml"
00:05:12.143043          Saving settings file "C:\Users\prajs\.VirtualBox\VirtualBox.xml" with version "1.12-windows"
00:05:12.148521          Finished saving settings file "C:\Users\prajs\.VirtualBox\VirtualBox.xml"
00:05:12.150317          Saving settings file "C:\Users\prajs\.VirtualBox\VirtualBox.xml" with version "1.12-windows"
00:05:12.156001          Finished saving settings file "C:\Users\prajs\.VirtualBox\VirtualBox.xml"
00:05:12.158426          Saving settings file "C:\Users\prajs\.VirtualBox\VirtualBox.xml" with version "1.12-windows"
00:05:12.164917          Finished saving settings file "C:\Users\prajs\.VirtualBox\VirtualBox.xml"
00:05:12.227227          ERROR [COM]: aRC=VBOX_E_INVALID_VM_STATE (0x80bb0002) aIID={300763af-5d6b-46e6-aa96-273eac15538a} aComponent={MachineWrap} aText={The machine is not mutable (state is PoweredOff)}, preserve=false aResultDetail=0
00:05:12.286328          ERROR [COM]: aRC=VBOX_E_INVALID_VM_STATE (0x80bb0002) aIID={300763af-5d6b-46e6-aa96-273eac15538a} aComponent={MachineWrap} aText={The machine is not mutable (state is PoweredOff)}, preserve=false aResultDetail=0
00:06:09.823017          Saving settings file "C:\Users\prajs\VirtualBox VMs\cloudera-quickstart-vm-5.4.2-0-virtualbox\cloudera-quickstart-vm-5.4.2-0-virtualbox.vbox" with version "1.19-windows"
00:06:09.828732          Finished saving settings file "C:\Users\prajs\VirtualBox VMs\cloudera-quickstart-vm-5.4.2-0-virtualbox\cloudera-quickstart-vm-5.4.2-0-virtualbox.vbox"
00:06:09.891546          ERROR [COM]: aRC=VBOX_E_INVALID_VM_STATE (0x80bb0002) aIID={300763af-5d6b-46e6-aa96-273eac15538a} aComponent={MachineWrap} aText={The machine is not mutable (state is PoweredOff)}, preserve=false aResultDetail=0
00:06:15.447093          Launched VM: 580698784 pid: 19508 (0x4c34) frontend: GUI/Qt name: cloudera-quickstart-vm-5.4.2-0-virtualbox
00:06:15.470428          ERROR [COM]: aRC=VBOX_E_INVALID_VM_STATE (0x80bb0002) aIID={300763af-5d6b-46e6-aa96-273eac15538a} aComponent={MachineWrap} aText={The machine is not mutable (state is PoweredOff)}, preserve=false aResultDetail=0
00:06:21.684060          ERROR [COM]: aRC=VBOX_E_INVALID_VM_STATE (0x80bb0002) aIID={300763af-5d6b-46e6-aa96-273eac15538a} aComponent={MachineWrap} aText={The machine is not mutable (state is PoweredOff)}, preserve=false aResultDetail=0
00:06:22.382509          ERROR [COM]: aRC=VBOX_E_OBJECT_NOT_FOUND (0x80bb0001) aIID={70401eef-c8e9-466b-9660-45cb3e9979e4} aComponent={ExtPackManagerWrap} aText={No extension pack by the name 'Oracle VM VirtualBox Extension Pack' was found}, preserve=false aResultDetail=0
00:06:24.630590          ERROR [COM]: aRC=VBOX_E_IPRT_ERROR (0x80bb0005) aIID={300763af-5d6b-46e6-aa96-273eac15538a} aComponent={SessionMachine} aText={Saved screenshot data is not available (VERR_NOT_SUPPORTED)}, preserve=false aResultDetail=-37
00:06:25.158175          ERROR [COM]: aRC=VBOX_E_INVALID_VM_STATE (0x80bb0002) aIID={300763af-5d6b-46e6-aa96-273eac15538a} aComponent={SessionMachine} aText={The machine is not mutable or saved (state is Starting)}, preserve=false aResultDetail=0
00:06:25.162593          Saving settings file "C:\Users\prajs\VirtualBox VMs\cloudera-quickstart-vm-5.4.2-0-virtualbox\cloudera-quickstart-vm-5.4.2-0-virtualbox.vbox" with version "1.19-windows"
00:06:25.167715          Finished saving settings file "C:\Users\prajs\VirtualBox VMs\cloudera-quickstart-vm-5.4.2-0-virtualbox\cloudera-quickstart-vm-5.4.2-0-virtualbox.vbox"
00:06:25.168013          ERROR [COM]: aRC=VBOX_E_INVALID_VM_STATE (0x80bb0002) aIID={300763af-5d6b-46e6-aa96-273eac15538a} aComponent={MachineWrap} aText={The machine is not mutable (state is Starting)}, preserve=false aResultDetail=0
00:06:25.185178          ERROR [COM]: aRC=VBOX_E_INVALID_VM_STATE (0x80bb0002) aIID={300763af-5d6b-46e6-aa96-273eac15538a} aComponent={MachineWrap} aText={The machine is not mutable (state is Starting)}, preserve=false aResultDetail=0
00:06:28.769401          ERROR [COM]: aRC=VBOX_E_OBJECT_NOT_FOUND (0x80bb0001) aIID={ad47ad09-787b-44ab-b343-a082a3f2dfb1} aComponent={MediumWrap} aText={Property 'CRYPT/KeyId' does not exist}, preserve=false aResultDetail=0
00:06:28.853197          ERROR [COM]: aRC=VBOX_E_INVALID_VM_STATE (0x80bb0002) aIID={300763af-5d6b-46e6-aa96-273eac15538a} aComponent={MachineWrap} aText={The machine is not mutable (state is Running)}, preserve=false aResultDetail=0
00:06:36.109466          Saving settings file "C:\Users\prajs\VirtualBox VMs\cloudera-quickstart-vm-5.4.2-0-virtualbox\cloudera-quickstart-vm-5.4.2-0-virtualbox.vbox" with version "1.19-windows"
00:06:36.114256          Finished saving settings file "C:\Users\prajs\VirtualBox VMs\cloudera-quickstart-vm-5.4.2-0-virtualbox\cloudera-quickstart-vm-5.4.2-0-virtualbox.vbox"
00:06:36.129192          ERROR [COM]: aRC=VBOX_E_INVALID_VM_STATE (0x80bb0002) aIID={300763af-5d6b-46e6-aa96-273eac15538a} aComponent={MachineWrap} aText={The machine is not mutable (state is Running)}, preserve=false aResultDetail=0
00:06:41.684075          Saving settings file "C:\Users\prajs\VirtualBox VMs\cloudera-quickstart-vm-5.4.2-0-virtualbox\cloudera-quickstart-vm-5.4.2-0-virtualbox.vbox" with version "1.19-windows"
00:06:41.695038          Finished saving settings file "C:\Users\prajs\VirtualBox VMs\cloudera-quickstart-vm-5.4.2-0-virtualbox\cloudera-quickstart-vm-5.4.2-0-virtualbox.vbox"
00:06:41.703204          ERROR [COM]: aRC=VBOX_E_INVALID_VM_STATE (0x80bb0002) aIID={300763af-5d6b-46e6-aa96-273eac15538a} aComponent={MachineWrap} aText={The machine is not mutable (state is Running)}, preserve=false aResultDetail=0
00:11:34.298184 USBPROXY usbLibGetDevices: Starting USB device enumeration
00:11:34.300675 USBPROXY Getting USB descriptor (id 0) failed (dwErr=31) on hub USB#ROOT_HUB30#5&1d27a0b6&0&0#{f18a0e88-c30c-11d0-8815-00a0c906bed8} port 3
00:11:34.490781 USBPROXY usbLibGetDevices: Found 2 USB devices, 0 captured
00:24:02.304280 USBPROXY usbLibGetDevices: Starting USB device enumeration
00:24:02.304873 USBPROXY Getting USB descriptor (id 0) failed (dwErr=31) on hub USB#ROOT_HUB30#5&1d27a0b6&0&0#{f18a0e88-c30c-11d0-8815-00a0c906bed8} port 3
00:24:02.304991 USBPROXY Getting USB descriptor (id 0) failed (dwErr=31) on hub USB#ROOT_HUB30#5&1d27a0b6&0&0#{f18a0e88-c30c-11d0-8815-00a0c906bed8} port 4
00:24:02.306356 USBPROXY usbLibGetDevices: Found 2 USB devices, 0 captured
00:24:02.308467 USBPROXY USB: Unknown USB device detected (idVendor: 0x0bda, idProduct: 0xb00c)
00:28:45.483032 USBPROXY usbLibGetDevices: Starting USB device enumeration
00:28:45.492746 USBPROXY Getting USB descriptor (id 0) failed (dwErr=31) on hub USB#ROOT_HUB30#5&1d27a0b6&0&0#{f18a0e88-c30c-11d0-8815-00a0c906bed8} port 3
00:28:45.517730 USBPROXY usbLibGetDevices: Found 2 USB devices, 0 captured
00:35:09.446376          ERROR [COM]: aRC=VBOX_E_INVALID_VM_STATE (0x80bb0002) aIID={300763af-5d6b-46e6-aa96-273eac15538a} aComponent={MachineWrap} aText={The machine is not mutable (state is Paused)}, preserve=false aResultDetail=0
00:35:12.072946          Saving settings file "C:\Users\prajs\VirtualBox VMs\cloudera-quickstart-vm-5.4.2-0-virtualbox\cloudera-quickstart-vm-5.4.2-0-virtualbox.vbox" with version "1.19-windows"
00:35:12.080495          Finished saving settings file "C:\Users\prajs\VirtualBox VMs\cloudera-quickstart-vm-5.4.2-0-virtualbox\cloudera-quickstart-vm-5.4.2-0-virtualbox.vbox"
00:35:12.102603          ERROR [COM]: aRC=VBOX_E_INVALID_VM_STATE (0x80bb0002) aIID={300763af-5d6b-46e6-aa96-273eac15538a} aComponent={MachineWrap} aText={The machine is not mutable (state is Paused)}, preserve=false aResultDetail=0
00:35:12.163650          ERROR [COM]: aRC=VBOX_E_INVALID_VM_STATE (0x80bb0002) aIID={300763af-5d6b-46e6-aa96-273eac15538a} aComponent={MachineWrap} aText={The machine is not mutable (state is Saving)}, preserve=false aResultDetail=0
00:35:46.401351          Saving settings file "C:\Users\prajs\VirtualBox VMs\cloudera-quickstart-vm-5.4.2-0-virtualbox\cloudera-quickstart-vm-5.4.2-0-virtualbox.vbox" with version "1.19-windows"
00:35:46.407829          Finished saving settings file "C:\Users\prajs\VirtualBox VMs\cloudera-quickstart-vm-5.4.2-0-virtualbox\cloudera-quickstart-vm-5.4.2-0-virtualbox.vbox"
00:35:46.418018          ERROR [COM]: aRC=VBOX_E_IPRT_ERROR (0x80bb0005) aIID={300763af-5d6b-46e6-aa96-273eac15538a} aComponent={MachineWrap} aText={Saved screenshot thumbnail data is not available (VERR_NOT_SUPPORTED)}, preserve=false aResultDetail=-37
00:35:46.451581          ERROR [COM]: aRC=VBOX_E_INVALID_VM_STATE (0x80bb0002) aIID={300763af-5d6b-46e6-aa96-273eac15538a} aComponent={MachineWrap} aText={The machine is not mutable (state is Saved)}, preserve=false aResultDetail=0
00:35:46.453497          ERROR [COM]: aRC=VBOX_E_IPRT_ERROR (0x80bb0005) aIID={300763af-5d6b-46e6-aa96-273eac15538a} aComponent={MachineWrap} aText={Saved screenshot thumbnail data is not available (VERR_NOT_SUPPORTED)}, preserve=false aResultDetail=-37
00:35:46.461649 SaveState Saving settings file "C:\Users\prajs\VirtualBox VMs\cloudera-quickstart-vm-5.4.2-0-virtualbox\cloudera-quickstart-vm-5.4.2-0-virtualbox.vbox" with version "1.19-windows"
00:35:46.466140 SaveState Finished saving settings file "C:\Users\prajs\VirtualBox VMs\cloudera-quickstart-vm-5.4.2-0-virtualbox\cloudera-quickstart-vm-5.4.2-0-virtualbox.vbox"
00:35:46.483036          ERROR [COM]: aRC=VBOX_E_INVALID_VM_STATE (0x80bb0002) aIID={300763af-5d6b-46e6-aa96-273eac15538a} aComponent={MachineWrap} aText={The machine is not mutable (state is Saved)}, preserve=false aResultDetail=0
00:35:47.448321          ERROR [COM]: aRC=VBOX_E_INVALID_VM_STATE (0x80bb0002) aIID={300763af-5d6b-46e6-aa96-273eac15538a} aComponent={MachineWrap} aText={The machine is not mutable (state is Saved)}, preserve=false aResultDetail=0
00:36:22.054996 main     VirtualBox: object deletion starts
00:36:22.055079 main     ERROR [COM]: aRC=VBOX_E_OBJECT_IN_USE (0x80bb000c) aIID={ad47ad09-787b-44ab-b343-a082a3f2dfb1} aComponent={MediumWrap} aText={Medium 'C:\Users\prajs\VirtualBox VMs\cloudera-quickstart-vm-5.4.2-0-virtualbox\cloudera-quickstart-vm-5.4.2-0-virtualbox-disk1.vdi' cannot be closed because it is still attached to 1 virtual machines}, preserve=false aResultDetail=0
00:36:22.058353 main     HostDnsMonitor: shutting down ...
00:36:22.058555 main     HostDnsMonitor: shut down
00:36:22.063023 Watcher  ERROR [COM]: aRC=E_ACCESSDENIED (0x80070005) aIID={7682d5eb-f00e-44f1-8ca2-99d08b1cd607} aComponent={VirtualBoxWrap} aText={The object is not ready}, preserve=false aResultDetail=0
00:36:22.063771 main     VirtualBox: object deleted
